<?xml version="1.0" encoding="UTF-8"?>
<testng-results skipped="0" failed="0" ignored="0" total="0" passed="0">
  <reporter-output>
  </reporter-output>
  <suite name="Amazon Automation Script " duration-ms="6" started-at="2018-05-19T13:10:01Z" finished-at="2018-05-19T13:10:01Z">
    <groups>
    </groups>
    <test name="Amazon" duration-ms="6" started-at="2018-05-19T13:10:01Z" finished-at="2018-05-19T13:10:01Z">
    </test> <!-- Amazon -->
  </suite> <!-- Amazon Automation Script  -->
</testng-results>
