<?xml version="1.0" encoding="UTF-8"?>
<testng-results skipped="0" failed="0" ignored="0" total="0" passed="0">
  <reporter-output>
  </reporter-output>
  <suite name="Facebook Automation Script " duration-ms="7" started-at="2018-05-18T22:35:15Z" finished-at="2018-05-18T22:35:15Z">
    <groups>
    </groups>
    <test name="Facebook" duration-ms="7" started-at="2018-05-18T22:35:15Z" finished-at="2018-05-18T22:35:15Z">
    </test> <!-- Facebook -->
  </suite> <!-- Facebook Automation Script  -->
</testng-results>
