<?xml version="1.0" encoding="UTF-8"?>
<testng-results skipped="0" failed="0" ignored="0" total="0" passed="0">
  <reporter-output>
  </reporter-output>
  <suite name="Chase Automation Script " duration-ms="6" started-at="2018-05-18T22:35:13Z" finished-at="2018-05-18T22:35:13Z">
    <groups>
    </groups>
    <test name="Chase" duration-ms="6" started-at="2018-05-18T22:35:13Z" finished-at="2018-05-18T22:35:13Z">
    </test> <!-- Chase -->
  </suite> <!-- Chase Automation Script  -->
</testng-results>
