<?xml version="1.0" encoding="UTF-8"?>
<testng-results skipped="0" failed="0" ignored="0" total="0" passed="0">
  <reporter-output>
  </reporter-output>
  <suite name="BetsBuy Automation Script " duration-ms="4" started-at="2018-05-18T22:35:11Z" finished-at="2018-05-18T22:35:11Z">
    <groups>
    </groups>
    <test name="BestBuy" duration-ms="4" started-at="2018-05-18T22:35:11Z" finished-at="2018-05-18T22:35:11Z">
    </test> <!-- BestBuy -->
  </suite> <!-- BetsBuy Automation Script  -->
</testng-results>
